[2026-05-01T22:45:00Z] Fenster (backend) — Upside direct API checker
- Mode: background
- Work: Built REST API checker for Upside, no auth required
- Result: 196 NYC restaurants with cashback %
- Commit: 5421369
- Status: Complete

[2026-05-01T22:45:00Z] Fenster (backend) — Bilt GraphQL/REST API integration
- Mode: background
- Work: Cracked public Bilt API (api.biltrewards.com/public/merchants) and found DatoCMS token
- Result: 2,237 restaurants. Built checkBilt() function
- Commit: 9fedd3b
- Status: Complete

[2026-05-01T22:45:00Z] Redfoot (platform SME) — API audit across all 7 non-Blackbird platforms
- Mode: background
- Work: Investigated all platforms for public APIs: Upside (open), Bilt (GraphQL+REST), inKind (Rails), Rakuten (partial). TGTG/Seated/Nea locked.
- Result: Comprehensive platform API landscape survey complete
- Status: Complete

[2026-05-01T22:45:00Z] Kobayashi (PM) — Partnership pitch for locked platforms
- Mode: background
- Work: Drafted partnership pitch for Nea/Seated/Upside with email templates, platform-specific notes, one-pager
- Result: Written to partnership-pitch.md
- Status: Complete
